<?xml version="1.0" encoding="UTF-8" ?>
<testsuite errors="0" failures="0" hostname="Agustins-MacBook-Pro.local" name="com.flatironschool.javacs.WikiPhilosophyTest" skipped="0" tests="1" time="15.732" timestamp="2016-06-06T03:17:31">
  <properties>
[...]
</properties>
  <testcase classname="com.flatironschool.javacs.WikiPhilosophyTest" name="testMain" time="15.659" />
  <system-out><![CDATA[https://en.wikipedia.org/wiki/Java_(programming_language)
https://en.wikipedia.org/wiki/Programming_language
https://en.wikipedia.org/wiki/Formal_language
https://en.wikipedia.org/wiki/Mathematics
https://en.wikipedia.org/wiki/Ancient_Greek
https://en.wikipedia.org/wiki/Greek_language
https://en.wikipedia.org/wiki/Modern_Greek
https://en.wikipedia.org/wiki/Colloquialism
https://en.wikipedia.org/wiki/Word
https://en.wikipedia.org/wiki/Linguistics
https://en.wikipedia.org/wiki/Science
https://en.wikipedia.org/wiki/Knowledge
https://en.wikipedia.org/wiki/Awareness
https://en.wikipedia.org/wiki/Conscious
https://en.wikipedia.org/wiki/Quality_(philosophy)
https://en.wikipedia.org/wiki/Philosophy
https://en.wikipedia.org/wiki/Greek_language
]]></system-out>
  <system-err><![CDATA[]]></system-err>
</testsuite>
